{"/home/msm-faraj/a.code/ToDoList/todo-api/src/index.js": {"path":"/home/msm-faraj/a.code/ToDoList/todo-api/src/index.js","statementMap":{"0":{"start":{"line":1,"column":14},"end":{"line":1,"column":49}},"1":{"start":{"line":2,"column":16},"end":{"line":2,"column":34}},"2":{"start":{"line":3,"column":12},"end":{"line":3,"column":21}},"3":{"start":{"line":4,"column":17},"end":{"line":4,"column":36}},"4":{"start":{"line":5,"column":20},"end":{"line":5,"column":45}},"5":{"start":{"line":6,"column":0},"end":{"line":6,"column":27}},"6":{"start":{"line":8,"column":0},"end":{"line":8,"column":24}},"7":{"start":{"line":9,"column":0},"end":{"line":9,"column":35}},"8":{"start":{"line":10,"column":0},"end":{"line":10,"column":15}},"9":{"start":{"line":12,"column":9},"end":{"line":12,"column":15}},"10":{"start":{"line":13,"column":0},"end":{"line":13,"column":45}},"11":{"start":{"line":15,"column":0},"end":{"line":15,"column":70}},"12":{"start":{"line":15,"column":43},"end":{"line":15,"column":68}},"13":{"start":{"line":16,"column":0},"end":{"line":18,"column":2}},"14":{"start":{"line":17,"column":2},"end":{"line":17,"column":47}},"15":{"start":{"line":20,"column":13},"end":{"line":20,"column":37}},"16":{"start":{"line":21,"column":15},"end":{"line":23,"column":1}},"17":{"start":{"line":22,"column":2},"end":{"line":22,"column":45}},"18":{"start":{"line":25,"column":0},"end":{"line":25,"column":24}}},"fnMap":{"0":{"name":"(anonymous_0)","decl":{"start":{"line":15,"column":32},"end":{"line":15,"column":33}},"loc":{"start":{"line":15,"column":43},"end":{"line":15,"column":68}},"line":15},"1":{"name":"(anonymous_1)","decl":{"start":{"line":16,"column":33},"end":{"line":16,"column":34}},"loc":{"start":{"line":17,"column":2},"end":{"line":17,"column":47}},"line":17},"2":{"name":"(anonymous_2)","decl":{"start":{"line":21,"column":32},"end":{"line":21,"column":33}},"loc":{"start":{"line":22,"column":2},"end":{"line":22,"column":45}},"line":22}},"branchMap":{"0":{"loc":{"start":{"line":20,"column":13},"end":{"line":20,"column":37}},"type":"binary-expr","locations":[{"start":{"line":20,"column":13},"end":{"line":20,"column":29}},{"start":{"line":20,"column":33},"end":{"line":20,"column":37}}],"line":20}},"s":{"0":1,"1":1,"2":1,"3":1,"4":1,"5":1,"6":1,"7":1,"8":1,"9":1,"10":1,"11":1,"12":0,"13":1,"14":1,"15":1,"16":1,"17":1,"18":1},"f":{"0":0,"1":1,"2":1},"b":{"0":[1,1]},"_coverageSchema":"1a1c01bbd47fc00a2c39e90264f33305004495a9","hash":"eb7ada2ae0e483f11bdf17a5deb1e5f2fef951c3"}
,"/home/msm-faraj/a.code/ToDoList/todo-api/src/controllers/todo.js": {"path":"/home/msm-faraj/a.code/ToDoList/todo-api/src/controllers/todo.js","statementMap":{"0":{"start":{"line":3,"column":4},"end":{"line":3,"column":21}},"1":{"start":{"line":4,"column":4},"end":{"line":4,"column":31}},"2":{"start":{"line":8,"column":17},"end":{"line":8,"column":36}},"3":{"start":{"line":9,"column":19},"end":{"line":9,"column":40}},"4":{"start":{"line":11,"column":18},"end":{"line":14,"column":20}},"5":{"start":{"line":15,"column":4},"end":{"line":15,"column":27}},"6":{"start":{"line":19,"column":17},"end":{"line":19,"column":56}},"7":{"start":{"line":20,"column":4},"end":{"line":22,"column":5}},"8":{"start":{"line":21,"column":6},"end":{"line":21,"column":67}},"9":{"start":{"line":23,"column":4},"end":{"line":23,"column":26}},"10":{"start":{"line":27,"column":22},"end":{"line":27,"column":46}},"11":{"start":{"line":28,"column":4},"end":{"line":28,"column":69}},"12":{"start":{"line":28,"column":15},"end":{"line":28,"column":69}},"13":{"start":{"line":30,"column":17},"end":{"line":32,"column":6}},"14":{"start":{"line":33,"column":20},"end":{"line":33,"column":37}},"15":{"start":{"line":34,"column":4},"end":{"line":34,"column":41}},"16":{"start":{"line":38,"column":17},"end":{"line":38,"column":56}},"17":{"start":{"line":39,"column":4},"end":{"line":41,"column":5}},"18":{"start":{"line":40,"column":6},"end":{"line":40,"column":67}},"19":{"start":{"line":42,"column":22},"end":{"line":42,"column":46}},"20":{"start":{"line":43,"column":4},"end":{"line":43,"column":69}},"21":{"start":{"line":43,"column":15},"end":{"line":43,"column":69}},"22":{"start":{"line":45,"column":4},"end":{"line":47,"column":5}},"23":{"start":{"line":46,"column":6},"end":{"line":46,"column":32}},"24":{"start":{"line":48,"column":4},"end":{"line":50,"column":5}},"25":{"start":{"line":49,"column":6},"end":{"line":49,"column":36}},"26":{"start":{"line":51,"column":24},"end":{"line":51,"column":41}},"27":{"start":{"line":52,"column":4},"end":{"line":52,"column":33}},"28":{"start":{"line":56,"column":17},"end":{"line":56,"column":56}},"29":{"start":{"line":57,"column":4},"end":{"line":59,"column":5}},"30":{"start":{"line":58,"column":6},"end":{"line":58,"column":35}},"31":{"start":{"line":60,"column":4},"end":{"line":60,"column":32}},"32":{"start":{"line":61,"column":4},"end":{"line":61,"column":22}},"33":{"start":{"line":63,"column":4},"end":{"line":63,"column":56}},"34":{"start":{"line":67,"column":0},"end":{"line":67,"column":32}}},"fnMap":{"0":{"name":"(anonymous_0)","decl":{"start":{"line":2,"column":2},"end":{"line":2,"column":3}},"loc":{"start":{"line":2,"column":31},"end":{"line":5,"column":3}},"line":2},"1":{"name":"(anonymous_1)","decl":{"start":{"line":7,"column":2},"end":{"line":7,"column":3}},"loc":{"start":{"line":7,"column":30},"end":{"line":16,"column":3}},"line":7},"2":{"name":"(anonymous_2)","decl":{"start":{"line":18,"column":2},"end":{"line":18,"column":3}},"loc":{"start":{"line":18,"column":29},"end":{"line":24,"column":3}},"line":18},"3":{"name":"(anonymous_3)","decl":{"start":{"line":26,"column":2},"end":{"line":26,"column":3}},"loc":{"start":{"line":26,"column":29},"end":{"line":35,"column":3}},"line":26},"4":{"name":"(anonymous_4)","decl":{"start":{"line":37,"column":2},"end":{"line":37,"column":3}},"loc":{"start":{"line":37,"column":29},"end":{"line":53,"column":3}},"line":37},"5":{"name":"(anonymous_5)","decl":{"start":{"line":55,"column":2},"end":{"line":55,"column":3}},"loc":{"start":{"line":55,"column":29},"end":{"line":64,"column":3}},"line":55}},"branchMap":{"0":{"loc":{"start":{"line":8,"column":17},"end":{"line":8,"column":36}},"type":"binary-expr","locations":[{"start":{"line":8,"column":17},"end":{"line":8,"column":31}},{"start":{"line":8,"column":35},"end":{"line":8,"column":36}}],"line":8},"1":{"loc":{"start":{"line":9,"column":19},"end":{"line":9,"column":40}},"type":"binary-expr","locations":[{"start":{"line":9,"column":19},"end":{"line":9,"column":35}},{"start":{"line":9,"column":39},"end":{"line":9,"column":40}}],"line":9},"2":{"loc":{"start":{"line":20,"column":4},"end":{"line":22,"column":5}},"type":"if","locations":[{"start":{"line":20,"column":4},"end":{"line":22,"column":5}},{"start":{},"end":{}}],"line":20},"3":{"loc":{"start":{"line":28,"column":4},"end":{"line":28,"column":69}},"type":"if","locations":[{"start":{"line":28,"column":4},"end":{"line":28,"column":69}},{"start":{},"end":{}}],"line":28},"4":{"loc":{"start":{"line":39,"column":4},"end":{"line":41,"column":5}},"type":"if","locations":[{"start":{"line":39,"column":4},"end":{"line":41,"column":5}},{"start":{},"end":{}}],"line":39},"5":{"loc":{"start":{"line":43,"column":4},"end":{"line":43,"column":69}},"type":"if","locations":[{"start":{"line":43,"column":4},"end":{"line":43,"column":69}},{"start":{},"end":{}}],"line":43},"6":{"loc":{"start":{"line":45,"column":4},"end":{"line":47,"column":5}},"type":"if","locations":[{"start":{"line":45,"column":4},"end":{"line":47,"column":5}},{"start":{},"end":{}}],"line":45},"7":{"loc":{"start":{"line":48,"column":4},"end":{"line":50,"column":5}},"type":"if","locations":[{"start":{"line":48,"column":4},"end":{"line":50,"column":5}},{"start":{},"end":{}}],"line":48},"8":{"loc":{"start":{"line":57,"column":4},"end":{"line":59,"column":5}},"type":"if","locations":[{"start":{"line":57,"column":4},"end":{"line":59,"column":5}},{"start":{},"end":{}}],"line":57}},"s":{"0":1,"1":1,"2":6,"3":6,"4":6,"5":6,"6":2,"7":2,"8":2,"9":0,"10":0,"11":0,"12":0,"13":0,"14":0,"15":0,"16":0,"17":0,"18":0,"19":0,"20":0,"21":0,"22":0,"23":0,"24":0,"25":0,"26":0,"27":0,"28":0,"29":0,"30":0,"31":0,"32":0,"33":0,"34":1},"f":{"0":1,"1":6,"2":2,"3":0,"4":0,"5":0},"b":{"0":[6,2],"1":[6,2],"2":[2,0],"3":[0,0],"4":[0,0],"5":[0,0],"6":[0,0],"7":[0,0],"8":[0,0]},"_coverageSchema":"1a1c01bbd47fc00a2c39e90264f33305004495a9","hash":"ae6766d79dde1a6face33418cd63decd8e438d95"}
,"/home/msm-faraj/a.code/ToDoList/todo-api/src/middleware/err-handler.js": {"path":"/home/msm-faraj/a.code/ToDoList/todo-api/src/middleware/err-handler.js","statementMap":{"0":{"start":{"line":1,"column":0},"end":{"line":4,"column":2}},"1":{"start":{"line":3,"column":2},"end":{"line":3,"column":49}}},"fnMap":{"0":{"name":"(anonymous_0)","decl":{"start":{"line":1,"column":17},"end":{"line":1,"column":18}},"loc":{"start":{"line":1,"column":48},"end":{"line":4,"column":1}},"line":1}},"branchMap":{},"s":{"0":1,"1":0},"f":{"0":0},"b":{},"_coverageSchema":"1a1c01bbd47fc00a2c39e90264f33305004495a9","hash":"4d5d3923ca7def1d58d95a14707f0794bcaf1827"}
,"/home/msm-faraj/a.code/ToDoList/todo-api/src/middleware/req-handler.js": {"path":"/home/msm-faraj/a.code/ToDoList/todo-api/src/middleware/req-handler.js","statementMap":{"0":{"start":{"line":1,"column":19},"end":{"line":3,"column":1}},"1":{"start":{"line":2,"column":2},"end":{"line":2,"column":70}},"2":{"start":{"line":2,"column":29},"end":{"line":2,"column":69}},"3":{"start":{"line":5,"column":0},"end":{"line":5,"column":28}}},"fnMap":{"0":{"name":"(anonymous_0)","decl":{"start":{"line":1,"column":19},"end":{"line":1,"column":20}},"loc":{"start":{"line":1,"column":37},"end":{"line":3,"column":1}},"line":1},"1":{"name":"(anonymous_1)","decl":{"start":{"line":2,"column":9},"end":{"line":2,"column":10}},"loc":{"start":{"line":2,"column":29},"end":{"line":2,"column":69}},"line":2}},"branchMap":{},"s":{"0":1,"1":5,"2":8,"3":1},"f":{"0":5,"1":8},"b":{},"_coverageSchema":"1a1c01bbd47fc00a2c39e90264f33305004495a9","hash":"8db2499d0c4ee9d5386a3e71634e5a5e47aa8c82"}
,"/home/msm-faraj/a.code/ToDoList/todo-api/src/middleware/validateObjectId.js": {"path":"/home/msm-faraj/a.code/ToDoList/todo-api/src/middleware/validateObjectId.js","statementMap":{"0":{"start":{"line":1,"column":17},"end":{"line":1,"column":36}},"1":{"start":{"line":2,"column":0},"end":{"line":6,"column":2}},"2":{"start":{"line":3,"column":2},"end":{"line":4,"column":62}},"3":{"start":{"line":4,"column":4},"end":{"line":4,"column":62}},"4":{"start":{"line":5,"column":2},"end":{"line":5,"column":9}}},"fnMap":{"0":{"name":"(anonymous_0)","decl":{"start":{"line":2,"column":17},"end":{"line":2,"column":18}},"loc":{"start":{"line":2,"column":43},"end":{"line":6,"column":1}},"line":2}},"branchMap":{"0":{"loc":{"start":{"line":3,"column":2},"end":{"line":4,"column":62}},"type":"if","locations":[{"start":{"line":3,"column":2},"end":{"line":4,"column":62}},{"start":{},"end":{}}],"line":3}},"s":{"0":1,"1":1,"2":4,"3":2,"4":2},"f":{"0":4},"b":{"0":[2,2]},"_coverageSchema":"1a1c01bbd47fc00a2c39e90264f33305004495a9","hash":"6cf7082d87e9ee06edfc44afddb84ca6e88f4b64"}
,"/home/msm-faraj/a.code/ToDoList/todo-api/src/models/todo.js": {"path":"/home/msm-faraj/a.code/ToDoList/todo-api/src/models/todo.js","statementMap":{"0":{"start":{"line":1,"column":17},"end":{"line":1,"column":36}},"1":{"start":{"line":3,"column":13},"end":{"line":29,"column":1}},"2":{"start":{"line":31,"column":0},"end":{"line":31,"column":22}}},"fnMap":{},"branchMap":{},"s":{"0":1,"1":1,"2":1},"f":{},"b":{},"_coverageSchema":"1a1c01bbd47fc00a2c39e90264f33305004495a9","hash":"b8a0ae71971e9a08310d61a50fcba1d183dde14d"}
,"/home/msm-faraj/a.code/ToDoList/todo-api/src/modules/validator.js": {"path":"/home/msm-faraj/a.code/ToDoList/todo-api/src/modules/validator.js","statementMap":{"0":{"start":{"line":1,"column":12},"end":{"line":1,"column":26}},"1":{"start":{"line":3,"column":0},"end":{"line":9,"column":2}},"2":{"start":{"line":4,"column":17},"end":{"line":7,"column":3}},"3":{"start":{"line":8,"column":2},"end":{"line":8,"column":39}}},"fnMap":{"0":{"name":"(anonymous_0)","decl":{"start":{"line":3,"column":17},"end":{"line":3,"column":18}},"loc":{"start":{"line":3,"column":30},"end":{"line":9,"column":1}},"line":3}},"branchMap":{},"s":{"0":1,"1":1,"2":0,"3":0},"f":{"0":0},"b":{},"_coverageSchema":"1a1c01bbd47fc00a2c39e90264f33305004495a9","hash":"5f4fe7914e7a8151db580abb7b4ab36467a40ba4"}
,"/home/msm-faraj/a.code/ToDoList/todo-api/src/routes/todos.js": {"path":"/home/msm-faraj/a.code/ToDoList/todo-api/src/routes/todos.js","statementMap":{"0":{"start":{"line":1,"column":16},"end":{"line":1,"column":34}},"1":{"start":{"line":2,"column":15},"end":{"line":2,"column":31}},"2":{"start":{"line":3,"column":13},"end":{"line":3,"column":38}},"3":{"start":{"line":4,"column":17},"end":{"line":4,"column":48}},"4":{"start":{"line":5,"column":18},"end":{"line":5,"column":48}},"5":{"start":{"line":6,"column":18},"end":{"line":6,"column":47}},"6":{"start":{"line":7,"column":25},"end":{"line":7,"column":66}},"7":{"start":{"line":8,"column":19},"end":{"line":8,"column":55}},"8":{"start":{"line":10,"column":0},"end":{"line":10,"column":67}},"9":{"start":{"line":11,"column":0},"end":{"line":15,"column":2}},"10":{"start":{"line":16,"column":0},"end":{"line":16,"column":67}},"11":{"start":{"line":17,"column":0},"end":{"line":21,"column":2}},"12":{"start":{"line":22,"column":0},"end":{"line":26,"column":2}},"13":{"start":{"line":28,"column":0},"end":{"line":28,"column":24}}},"fnMap":{},"branchMap":{},"s":{"0":1,"1":1,"2":1,"3":1,"4":1,"5":1,"6":1,"7":1,"8":1,"9":1,"10":1,"11":1,"12":1,"13":1},"f":{},"b":{},"_coverageSchema":"1a1c01bbd47fc00a2c39e90264f33305004495a9","hash":"e55a39bc0cedceb63a062f8c8e3672f34668e03b"}
}
